<?xml version="1.0" encoding="UTF-8"?>
<!-- Generated by org.testng.reporters.JUnitReportReporter -->
<testsuite skipped="0" hostname="suryas-mini-mac.attlocal.net" name="testplans.CreateAPITestPlan" tests="3" failures="0" timestamp="01 Apr 2019 22:42:05 GMT" time="1.215" errors="0">
  <testcase name="createTestPlan" time="0.125" classname="testplans.CreateAPITestPlan"/>
  <testcase name="createTestPlan" time="0.963" classname="testplans.CreateAPITestPlan"/>
  <testcase name="createTestPlan" time="0.127" classname="testplans.CreateAPITestPlan"/>
</testsuite> <!-- testplans.CreateAPITestPlan -->
